Detecting C compiler ABI info failed to compile with the following output:
Change Dir: C:/Users/Jetsa/OneDrive/Documents/EEEE2046/Worksheet4/hello_cmake/buildM/CMakeFiles/CMakeTmp

Run Build Command(s):C:/Program Files (x86)/Microsoft Visual Studio/2019/Community/MSBuild/Current/Bin/MSBuild.exe cmTC_8e2a2.vcxproj /p:Configuration=Debug /p:Platform=x64 /p:VisualStudioVersion=16.0 /v:m && Microsoft (R) Build Engine version 16.11.1+3e40a09f8 for .NET Framework
Copyright (C) Microsoft Corporation. All rights reserved.

  Microsoft (R) C/C++ Optimizing Compiler Version 19.29.30136 for x64
  Copyright (C) Microsoft Corporation.  All rights reserved.
  CMakeCCompilerABI.c
  cl /c /Zi /W3 /WX- /diagnostics:column /Od /Ob0 /D WIN32 /D _WINDOWS /D "CMAKE_INTDIR=\"Debug\"" /D _MBCS /Gm- /RTC1 /MDd /GS /fp:precise /Zc:wchar_t /Zc:forScope /Zc:inline /Fo"cmTC_8e2a2.dir\Debug\\" /Fd"cmTC_8e2a2.dir\Debug\vc142.pdb" /external:W3 /Gd /TC /errorReport:queue "C:\Program Files (x86)\Microsoft Visual Studio\2019\Community\Common7\IDE\CommonExtensions\Microsoft\CMake\CMake\share\cmake-3.20\Modules\CMakeCCompilerABI.c"
C:\Program Files (x86)\Microsoft Visual Studio\2019\Community\MSBuild\Microsoft\VC\v160\Microsoft.CppCommon.targets(1074,5): error MSB6003: The specified task executable "link.exe" could not be run. System.IO.IOException: The process cannot access the file 'C:\Users\Jetsa\OneDrive\Documents\EEEE2046\Worksheet4\hello_cmake\buildM\CMakeFiles\CMakeTmp\cmTC_8e2a2.dir\Debug\cmTC_8e2a2.tlog\link.write.1.tlog' because it is being used by another process. [C:\Users\Jetsa\OneDrive\Documents\EEEE2046\Worksheet4\hello_cmake\buildM\CMakeFiles\CMakeTmp\cmTC_8e2a2.vcxproj]
C:\Program Files (x86)\Microsoft Visual Studio\2019\Community\MSBuild\Microsoft\VC\v160\Microsoft.CppCommon.targets(1074,5): error MSB6003:    at System.IO.__Error.WinIOError(Int32 errorCode, String maybeFullPath) [C:\Users\Jetsa\OneDrive\Documents\EEEE2046\Worksheet4\hello_cmake\buildM\CMakeFiles\CMakeTmp\cmTC_8e2a2.vcxproj]
C:\Program Files (x86)\Microsoft Visual Studio\2019\Community\MSBuild\Microsoft\VC\v160\Microsoft.CppCommon.targets(1074,5): error MSB6003:    at System.IO.FileStream.Init(String path, FileMode mode, FileAccess access, Int32 rights, Boolean useRights, FileShare share, Int32 bufferSize, FileOptions options, SECURITY_ATTRIBUTES secAttrs, String msgPath, Boolean bFromProxy, Boolean useLongPath, Boolean checkHost) [C:\Users\Jetsa\OneDrive\Documents\EEEE2046\Worksheet4\hello_cmake\buildM\CMakeFiles\CMakeTmp\cmTC_8e2a2.vcxproj]
C:\Program Files (x86)\Microsoft Visual Studio\2019\Community\MSBuild\Microsoft\VC\v160\Microsoft.CppCommon.targets(1074,5): error MSB6003:    at System.IO.FileStream..ctor(String path, FileMode mode, FileAccess access, FileShare share, Int32 bufferSize, FileOptions options, String msgPath, Boolean bFromProxy, Boolean useLongPath, Boolean checkHost) [C:\Users\Jetsa\OneDrive\Documents\EEEE2046\Worksheet4\hello_cmake\buildM\CMakeFiles\CMakeTmp\cmTC_8e2a2.vcxproj]
C:\Program Files (x86)\Microsoft Visual Studio\2019\Community\MSBuild\Microsoft\VC\v160\Microsoft.CppCommon.targets(1074,5): error MSB6003:    at System.IO.StreamWriter.CreateFile(String path, Boolean append, Boolean checkHost) [C:\Users\Jetsa\OneDrive\Documents\EEEE2046\Worksheet4\hello_cmake\buildM\CMakeFiles\CMakeTmp\cmTC_8e2a2.vcxproj]
C:\Program Files (x86)\Microsoft Visual Studio\2019\Community\MSBuild\Microsoft\VC\v160\Microsoft.CppCommon.targets(1074,5): error MSB6003:    at System.IO.StreamWriter..ctor(String path, Boolean append, Encoding encoding, Int32 bufferSize, Boolean checkHost) [C:\Users\Jetsa\OneDrive\Documents\EEEE2046\Worksheet4\hello_cmake\buildM\CMakeFiles\CMakeTmp\cmTC_8e2a2.vcxproj]
C:\Program Files (x86)\Microsoft Visual Studio\2019\Community\MSBuild\Microsoft\VC\v160\Microsoft.CppCommon.targets(1074,5): error MSB6003:    at System.IO.File.InternalWriteAllText(String path, String contents, Encoding encoding, Boolean checkHost) [C:\Users\Jetsa\OneDrive\Documents\EEEE2046\Worksheet4\hello_cmake\buildM\CMakeFiles\CMakeTmp\cmTC_8e2a2.vcxproj]
C:\Program Files (x86)\Microsoft Visual Studio\2019\Community\MSBuild\Microsoft\VC\v160\Microsoft.CppCommon.targets(1074,5): error MSB6003:    at System.IO.File.WriteAllText(String path, String contents, Encoding encoding) [C:\Users\Jetsa\OneDrive\Documents\EEEE2046\Worksheet4\hello_cmake\buildM\CMakeFiles\CMakeTmp\cmTC_8e2a2.vcxproj]
C:\Program Files (x86)\Microsoft Visual Studio\2019\Community\MSBuild\Microsoft\VC\v160\Microsoft.CppCommon.targets(1074,5): error MSB6003:    at Microsoft.Build.Utilities.CanonicalTrackedOutputFiles.SaveTlog(DependencyFilter includeInTLog) [C:\Users\Jetsa\OneDrive\Documents\EEEE2046\Worksheet4\hello_cmake\buildM\CMakeFiles\CMakeTmp\cmTC_8e2a2.vcxproj]
C:\Program Files (x86)\Microsoft Visual Studio\2019\Community\MSBuild\Microsoft\VC\v160\Microsoft.CppCommon.targets(1074,5): error MSB6003:    at Microsoft.Build.Utilities.CanonicalTrackedOutputFiles.SaveTlog() [C:\Users\Jetsa\OneDrive\Documents\EEEE2046\Worksheet4\hello_cmake\buildM\CMakeFiles\CMakeTmp\cmTC_8e2a2.vcxproj]
C:\Program Files (x86)\Microsoft Visual Studio\2019\Community\MSBuild\Microsoft\VC\v160\Microsoft.CppCommon.targets(1074,5): error MSB6003:    at Microsoft.Build.CPPTasks.TrackedVCToolTask.PostExecuteTool(Int32 exitCode) [C:\Users\Jetsa\OneDrive\Documents\EEEE2046\Worksheet4\hello_cmake\buildM\CMakeFiles\CMakeTmp\cmTC_8e2a2.vcxproj]
C:\Program Files (x86)\Microsoft Visual Studio\2019\Community\MSBuild\Microsoft\VC\v160\Microsoft.CppCommon.targets(1074,5): error MSB6003:    at Microsoft.Build.CPPTasks.TrackedVCToolTask.ExecuteTool(String pathToTool, String responseFileCommands, String commandLineCommands) [C:\Users\Jetsa\OneDrive\Documents\EEEE2046\Worksheet4\hello_cmake\buildM\CMakeFiles\CMakeTmp\cmTC_8e2a2.vcxproj]
C:\Program Files (x86)\Microsoft Visual Studio\2019\Community\MSBuild\Microsoft\VC\v160\Microsoft.CppCommon.targets(1074,5): error MSB6003:    at Microsoft.Build.Utilities.ToolTask.Execute() [C:\Users\Jetsa\OneDrive\Documents\EEEE2046\Worksheet4\hello_cmake\buildM\CMakeFiles\CMakeTmp\cmTC_8e2a2.vcxproj]




